<?xml version="1.0" encoding="UTF-8"?>
<testsuites name="Sanginius tests" tests="2" failures="0" errors="0" time="0.819">
  <testsuite name="src/App.test.js" errors="0" failures="0" skipped="0" timestamp="2022-10-06T08:31:16" time="0.452" tests="2">
    <testcase classname="-renders learn react link" name="-renders learn react link" time="0.026">
    </testcase>
    <testcase classname="snapshot test-testing app button" name="snapshot test-testing app button" time="0.007">
    </testcase>
  </testsuite>
</testsuites>